<?xml version="1.0" encoding="UTF-8"?>
<robot generator="Robot 5.0.1 (Python 3.10.5 on win32)" generated="20220930 08:52:24.111" rpa="false" schemaversion="3">
<suite id="s1" name="Test" source="C:\Users\admin\Documents\SERVICENSW\Test\test.robot">
<kw name="Open Firefox Browser" library="base" type="SETUP">
<doc>Keyword to open browser Firefox</doc>
<kw name="Open Browser" library="SeleniumLibrary">
<arg>browser=Firefox</arg>
<arg>url=${LOGIN_URL}</arg>
<doc>Opens a new browser instance to the optional ``url``.</doc>
<msg timestamp="20220930 08:52:24.622" level="INFO">Opening browser 'Firefox' to base url 'https://www.service.nsw.gov.au/'.</msg>
<msg timestamp="20220930 08:52:24.638" level="INFO">Firefox driver log is always forced to to: C:\Users\admin\Documents\SERVICENSW\Test\geckodriver-6.log</msg>
<status status="PASS" starttime="20220930 08:52:24.622" endtime="20220930 08:52:48.158"/>
</kw>
<status status="PASS" starttime="20220930 08:52:24.622" endtime="20220930 08:52:48.158"/>
</kw>
<test id="s1-t1" name="Search by Suburb Sydney 2000" line="14">
<kw name="Navigate To Open URL" library="test_key">
<doc>Keyword to Navigate To Open URL</doc>
<kw name="Go To" library="SeleniumLibrary">
<arg>${LOGIN_URL}</arg>
<doc>Navigates the current browser window to the provided ``url``.</doc>
<msg timestamp="20220930 08:52:48.162" level="INFO">Opening url 'https://www.service.nsw.gov.au/'</msg>
<status status="PASS" starttime="20220930 08:52:48.162" endtime="20220930 08:52:48.890"/>
</kw>
<status status="PASS" starttime="20220930 08:52:48.160" endtime="20220930 08:52:48.891"/>
</kw>
<kw name="Sleep" library="BuiltIn">
<arg>3s</arg>
<doc>Pauses the test executed for the given time.</doc>
<msg timestamp="20220930 08:52:51.906" level="INFO">Slept 3 seconds</msg>
<status status="PASS" starttime="20220930 08:52:48.892" endtime="20220930 08:52:51.906"/>
</kw>
<kw name="User click Find Locations" library="test_key">
<doc>Keyword to User click Find Locations</doc>
<kw name="Click Element" library="SeleniumLibrary">
<arg>${find_loc}</arg>
<doc>Click the element identified by ``locator``.</doc>
<msg timestamp="20220930 08:52:51.909" level="INFO">Clicking element '(//*[@class="NavLink__listItem-VYVwsaNaTG"])[5]'.</msg>
<status status="PASS" starttime="20220930 08:52:51.908" endtime="20220930 08:52:54.628"/>
</kw>
<status status="PASS" starttime="20220930 08:52:51.907" endtime="20220930 08:52:54.629"/>
</kw>
<kw name="Sleep" library="BuiltIn">
<arg>5s</arg>
<doc>Pauses the test executed for the given time.</doc>
<msg timestamp="20220930 08:52:59.630" level="INFO">Slept 5 seconds</msg>
<status status="PASS" starttime="20220930 08:52:54.630" endtime="20220930 08:52:59.630"/>
</kw>
<kw name="Validate the navigation to appropriate page" library="test_key">
<doc>Keyword to Validate the navigation to appropriate page</doc>
<kw name="Wait Until Element Is Visible" library="SeleniumLibrary">
<arg>${verify_findLoc}</arg>
<doc>Waits until the element ``locator`` is visible.</doc>
<status status="PASS" starttime="20220930 08:52:59.633" endtime="20220930 08:52:59.775"/>
</kw>
<status status="PASS" starttime="20220930 08:52:59.632" endtime="20220930 08:52:59.776"/>
</kw>
<kw name="Verify Scroll Down" library="test_key">
<doc>Keyword to verify scrool re new password</doc>
<kw name="Execute Javascript" library="SeleniumLibrary">
<arg>window.scrollTo(0,669)</arg>
<doc>Executes the given JavaScript code with possible arguments.</doc>
<msg timestamp="20220930 08:52:59.777" level="INFO">Executing JavaScript:
window.scrollTo(0,669)
Without any arguments.</msg>
<status status="PASS" starttime="20220930 08:52:59.777" endtime="20220930 08:52:59.820"/>
</kw>
<kw name="Sleep" library="BuiltIn">
<arg>1s</arg>
<doc>Pauses the test executed for the given time.</doc>
<msg timestamp="20220930 08:53:00.827" level="INFO">Slept 1 second</msg>
<status status="PASS" starttime="20220930 08:52:59.820" endtime="20220930 08:53:00.827"/>
</kw>
<status status="PASS" starttime="20220930 08:52:59.776" endtime="20220930 08:53:00.828"/>
</kw>
<kw name="Verify Scroll" library="test_key">
<doc>Keyword to verify scrool re new password</doc>
<kw name="Wait Until Element Is Visible" library="SeleniumLibrary">
<arg>${inputSearch}</arg>
<doc>Waits until the element ``locator`` is visible.</doc>
<status status="PASS" starttime="20220930 08:53:00.829" endtime="20220930 08:53:00.855"/>
</kw>
<status status="PASS" starttime="20220930 08:53:00.828" endtime="20220930 08:53:00.855"/>
</kw>
<kw name="Sleep" library="BuiltIn">
<arg>5s</arg>
<doc>Pauses the test executed for the given time.</doc>
<msg timestamp="20220930 08:53:05.863" level="INFO">Slept 5 seconds</msg>
<status status="PASS" starttime="20220930 08:53:00.856" endtime="20220930 08:53:05.863"/>
</kw>
<kw name="User search by suburb" library="test_key">
<doc>Keyword to User search by suburb</doc>
<kw name="Wait Until Element Is Visible" library="SeleniumLibrary">
<arg>${inputSearch}</arg>
<doc>Waits until the element ``locator`` is visible.</doc>
<status status="PASS" starttime="20220930 08:53:05.863" endtime="20220930 08:53:05.889"/>
</kw>
<kw name="Input Text" library="SeleniumLibrary">
<arg>${inputSearch}</arg>
<arg>${suburb1}</arg>
<doc>Types the given ``text`` into the text field identified by ``locator``.</doc>
<msg timestamp="20220930 08:53:05.889" level="INFO">Typing text 'Sydney 2000' into text field '//*[@id="locatorTextSearch"]'.</msg>
<status status="PASS" starttime="20220930 08:53:05.889" endtime="20220930 08:53:05.964"/>
</kw>
<kw name="Press Keys" library="SeleniumLibrary">
<arg>None</arg>
<arg>ENTER</arg>
<doc>Simulates the user pressing key(s) to an element or on the active browser.</doc>
<msg timestamp="20220930 08:53:05.965" level="INFO">Sending key(s) ('ENTER',) to page.</msg>
<msg timestamp="20220930 08:53:05.965" level="INFO">Pressing special key ENTER to browser.</msg>
<msg timestamp="20220930 08:53:05.965" level="INFO">Releasing special key ENTER.</msg>
<status status="PASS" starttime="20220930 08:53:05.964" endtime="20220930 08:53:06.120"/>
</kw>
<kw name="Sleep" library="BuiltIn">
<arg>5s</arg>
<doc>Pauses the test executed for the given time.</doc>
<msg timestamp="20220930 08:53:11.137" level="INFO">Slept 5 seconds</msg>
<status status="PASS" starttime="20220930 08:53:06.120" endtime="20220930 08:53:11.137"/>
</kw>
<status status="PASS" starttime="20220930 08:53:05.863" endtime="20220930 08:53:11.137"/>
</kw>
<kw name="Sleep" library="BuiltIn">
<arg>5s</arg>
<doc>Pauses the test executed for the given time.</doc>
<msg timestamp="20220930 08:53:16.151" level="INFO">Slept 5 seconds</msg>
<status status="PASS" starttime="20220930 08:53:11.139" endtime="20220930 08:53:16.151"/>
</kw>
<kw name="Verify after search by suburb" library="test_key">
<doc>Keyword to verify scrool re new password</doc>
<kw name="Wait Until Element Is Visible" library="SeleniumLibrary">
<arg>${verifyAfterSearch}</arg>
<doc>Waits until the element ``locator`` is visible.</doc>
<status status="PASS" starttime="20220930 08:53:16.155" endtime="20220930 08:53:16.183"/>
</kw>
<status status="PASS" starttime="20220930 08:53:16.153" endtime="20220930 08:53:16.185"/>
</kw>
<kw name="Sleep" library="BuiltIn">
<arg>3s</arg>
<doc>Pauses the test executed for the given time.</doc>
<msg timestamp="20220930 08:53:19.199" level="INFO">Slept 3 seconds</msg>
<status status="PASS" starttime="20220930 08:53:16.187" endtime="20220930 08:53:19.199"/>
</kw>
<kw name="Verify Scroll Down1" library="test_key">
<doc>Keyword to verify scrool re new password</doc>
<kw name="Execute Javascript" library="SeleniumLibrary">
<arg>window.scrollTo(0,277)</arg>
<doc>Executes the given JavaScript code with possible arguments.</doc>
<msg timestamp="20220930 08:53:19.204" level="INFO">Executing JavaScript:
window.scrollTo(0,277)
Without any arguments.</msg>
<status status="PASS" starttime="20220930 08:53:19.201" endtime="20220930 08:53:19.214"/>
</kw>
<kw name="Sleep" library="BuiltIn">
<arg>1s</arg>
<doc>Pauses the test executed for the given time.</doc>
<msg timestamp="20220930 08:53:20.227" level="INFO">Slept 1 second</msg>
<status status="PASS" starttime="20220930 08:53:19.214" endtime="20220930 08:53:20.227"/>
</kw>
<status status="PASS" starttime="20220930 08:53:19.200" endtime="20220930 08:53:20.227"/>
</kw>
<kw name="Verify Scroll After Search" library="test_key">
<doc>Keyword to verify scrool re new password</doc>
<kw name="Wait Until Element Is Visible" library="SeleniumLibrary">
<arg>${verifyscroll1}</arg>
<doc>Waits until the element ``locator`` is visible.</doc>
<status status="PASS" starttime="20220930 08:53:20.228" endtime="20220930 08:53:20.246"/>
</kw>
<status status="PASS" starttime="20220930 08:53:20.227" endtime="20220930 08:53:20.246"/>
</kw>
<doc>Test to Search by Suburb Sydney 2000</doc>
<status status="PASS" starttime="20220930 08:52:48.159" endtime="20220930 08:53:20.246"/>
</test>
<kw name="Close Browser" library="SeleniumLibrary" type="TEARDOWN">
<doc>Closes the current browser.</doc>
<status status="PASS" starttime="20220930 08:53:20.254" endtime="20220930 08:53:22.174"/>
</kw>
<doc>Search for "Apply for a number plate"</doc>
<status status="PASS" starttime="20220930 08:52:24.114" endtime="20220930 08:53:22.174"/>
</suite>
<statistics>
<total>
<stat pass="1" fail="0" skip="0">All Tests</stat>
</total>
<tag>
</tag>
<suite>
<stat pass="1" fail="0" skip="0" id="s1" name="Test">Test</stat>
</suite>
</statistics>
<errors>
</errors>
</robot>
